Using pre-set license
Built from '2020.2/release' branch; Version is '2020.2.4f1 (becced5a802b) revision 12504301'; Using compiler version '192528614'; Build Type 'Release'
OS: 'Windows 10 Home China; OS build 18363.1379; Version 1909; 64bit' Language: 'zh' Physical Memory: 32656 MB
BatchMode: 1, IsHumanControllingUs: 0, StartBugReporterOnCrash: 0, Is64bit: 1, IsPro: 0

 COMMAND LINE ARGUMENTS:
C:\Program Files\Unity\Hub\Editor\2020.2.4f1\Editor\Unity.exe
-adb2
-batchMode
-noUpm
-name
AssetImportWorker0
-projectPath
E:/unity project/OculasVR
-logFile
Logs/AssetImportWorker0.log
-srvPort
56046
Successfully changed project path to: E:/unity project/OculasVR
E:/unity project/OculasVR
Using Asset Import Pipeline V2.
Refreshing native plugins compatible for Editor in 49.16 ms, found 4 plugins.
Preloading 1 native plugins for Editor in 1.21 ms.
Initialize engine version: 2020.2.4f1 (becced5a802b)
[Subsystems] Discovering subsystems at path C:/Program Files/Unity/Hub/Editor/2020.2.4f1/Editor/Data/Resources/UnitySubsystems
[Subsystems] Discovering subsystems at path E:/unity project/OculasVR/Assets
GfxDevice: creating device client; threaded=0
Direct3D:
    Version:  Direct3D 11.0 [level 11.1]
    Renderer: NVIDIA GeForce GTX 1050 Ti (ID=0x1c8c)
    Vendor:   
    VRAM:     4018 MB
    Driver:   26.21.14.4219
Shader 'Oculus/OVRMRCameraFrameLit': fallback shader 'Alpha-Diffuse' not found
Initialize mono
Mono path[0] = 'C:/Program Files/Unity/Hub/Editor/2020.2.4f1/Editor/Data/Managed'
Mono path[1] = 'C:/Program Files/Unity/Hub/Editor/2020.2.4f1/Editor/Data/MonoBleedingEdge/lib/mono/unityjit'
Mono config path = 'C:/Program Files/Unity/Hub/Editor/2020.2.4f1/Editor/Data/MonoBleedingEdge/etc'
Using monoOptions --debugger-agent=transport=dt_socket,embedding=1,server=y,suspend=n,address=127.0.0.1:56656
Begin MonoManager ReloadAssembly
Registering precompiled unity dll's ...
Register platform support module: C:/Program Files/Unity/Hub/Editor/2020.2.4f1/Editor/Data/PlaybackEngines/WebGLSupport/UnityEditor.WebGL.Extensions.dll
Register platform support module: C:/Program Files/Unity/Hub/Editor/2020.2.4f1/Editor/Data/PlaybackEngines/WindowsStandaloneSupport/UnityEditor.WindowsStandalone.Extensions.dll
Registered in 0.002391 seconds.
Native extension for WindowsStandalone target not found
Native extension for WebGL target not found
Refreshing native plugins compatible for Editor in 43.52 ms, found 4 plugins.
Preloading 1 native plugins for Editor in 0.03 ms.
Invoked RoslynAnalysisRunner static constructor.
RoslynAnalysisRunner will not be running.
RoslynAnalysisRunner has terminated.
Mono: successfully reloaded assembly
- Completed reload, in  1.919 seconds
Platform modules already initialized, skipping
Registering precompiled user dll's ...
Registered in 0.002250 seconds.
Begin MonoManager ReloadAssembly
Native extension for WindowsStandalone target not found
Native extension for WebGL target not found
Refreshing native plugins compatible for Editor in 0.58 ms, found 4 plugins.
Preloading 1 native plugins for Editor in 0.05 ms.
Invoked RoslynAnalysisRunner static constructor.
RoslynAnalysisRunner will not be running.
RoslynAnalysisRunner has terminated.
[XR] OculusXRPlugin: registering subsystems
[XR] Unable to register display lifecyle provider: [1]
[XR] Oculus Input lifecycle provider registered.
[XR] Unable to register input lifecyle provider: [1]
[XR] OVRP version 1.55.1
Mono: successfully reloaded assembly
- Completed reload, in  0.817 seconds
Platform modules already initialized, skipping
========================================================================
Worker process is ready to serve import requests
Shader 'Oculus/OVRMRCameraFrameLit': fallback shader 'Alpha-Diffuse' not found
Launched and connected shader compiler UnityShaderCompiler.exe after 0.05 seconds
Refreshing native plugins compatible for Editor in 0.55 ms, found 4 plugins.
Preloading 1 native plugins for Editor in 0.03 ms.
Unloading 1742 Unused Serialized files (Serialized files now loaded: 0)
System memory in use before: 94.6 MB.
System memory in use after: 94.7 MB.

Unloading 35 unused Assets to reduce memory usage. Loaded Objects now: 2182.
Total: 2.062900 ms (FindLiveObjects: 0.208800 ms CreateObjectMapping: 0.086400 ms MarkObjects: 1.674900 ms  DeleteObjects: 0.091300 ms)

========================================================================
Received Import Request.
  path: Assets/Scripts/ContentUpdateScript.cs
  artifactKey: Guid(e750cbd80ce4a8747a6eee807f1d0d38) Importer(815301076,1909f56bfc062723c751e8b465ee728b)
Start importing Assets/Scripts/ContentUpdateScript.cs using Guid(e750cbd80ce4a8747a6eee807f1d0d38) Importer(815301076,1909f56bfc062723c751e8b465ee728b)  -> (artifact id: 'bc57c457d2ae30b0f21dfbd107037c1c') in 0.047105 seconds
  Import took 0.049665 seconds .

========================================================================
Received Import Request.
  Time since last request: 0.000308 seconds.
  path: Assets/Scripts/CSVReader.cs
  artifactKey: Guid(a5744b48b99526d418072108dba632eb) Importer(815301076,1909f56bfc062723c751e8b465ee728b)
Start importing Assets/Scripts/CSVReader.cs using Guid(a5744b48b99526d418072108dba632eb) Importer(815301076,1909f56bfc062723c751e8b465ee728b)  -> (artifact id: '90ba565fd07ff83ab4e2efec1417b725') in 0.010455 seconds
  Import took 0.012775 seconds .

========================================================================
Received Import Request.
  Time since last request: 0.000294 seconds.
  path: Assets/Scripts/ControlSettingsScript.cs
  artifactKey: Guid(d378be01ad300e84db892451bb708c71) Importer(815301076,1909f56bfc062723c751e8b465ee728b)
Start importing Assets/Scripts/ControlSettingsScript.cs using Guid(d378be01ad300e84db892451bb708c71) Importer(815301076,1909f56bfc062723c751e8b465ee728b)  -> (artifact id: '2d1c36bad04fc5695ea4211ef7b4710a') in 0.011816 seconds
  Import took 0.014218 seconds .

========================================================================
Received Import Request.
  Time since last request: 0.000292 seconds.
  path: Assets/Scripts/ClickOnCardScript.cs
  artifactKey: Guid(d741f9aa76ed19742a2a38cd7d5f2a53) Importer(815301076,1909f56bfc062723c751e8b465ee728b)
Start importing Assets/Scripts/ClickOnCardScript.cs using Guid(d741f9aa76ed19742a2a38cd7d5f2a53) Importer(815301076,1909f56bfc062723c751e8b465ee728b)  -> (artifact id: 'f38f954279479b6323929b80888dd6bd') in 0.004900 seconds
  Import took 0.007328 seconds .

========================================================================
Received Import Request.
  Time since last request: 0.000197 seconds.
  path: Assets/Scripts/ControlSettingsScript.cs
  artifactKey: Guid(d378be01ad300e84db892451bb708c71) Importer(815301076,1909f56bfc062723c751e8b465ee728b)
Start importing Assets/Scripts/ControlSettingsScript.cs using Guid(d378be01ad300e84db892451bb708c71) Importer(815301076,1909f56bfc062723c751e8b465ee728b)  -> (artifact id: '2d1c36bad04fc5695ea4211ef7b4710a') in 0.001825 seconds
  Import took 0.004737 seconds .

AssetImportWorkerClient::OnTransportError - code=2 error=End of file
